<?xml version="1.0" encoding="UTF-8" ?>
<testsuite errors="0" failures="0" hostname="JUNGS-PC" name="com.work.RDBLectureServiceTest" tests="2" time="0.044" timestamp="2013-08-24T13:26:40">
  <properties>
    <property name="java.vendor" value="Sun Microsystems Inc." />
    <property name="lib.dir" value="C:\workspace\j2eeWorkspace\LectureService\lib" />
    <property name="sun.java.launcher" value="SUN_STANDARD" />
    <property name="eclipse.pdebuild.templates" value="/C:/파티션/eclipse-j2ee/plugins/org.eclipse.pde.build_3.6.2.R36x_20110203/templates/" />
    <property name="sun.management.compiler" value="HotSpot Client Compiler" />
    <property name="build.prod.dir" value="C:\workspace\j2eeWorkspace\LectureService\bin\prod" />
    <property name="os.name" value="Windows 7" />
    <property name="sun.boot.class.path" value="C:\Program Files\Java\jdk1.6.0_16\jre\lib\resources.jar;C:\Program Files\Java\jdk1.6.0_16\jre\lib\rt.jar;C:\Program Files\Java\jdk1.6.0_16\jre\lib\sunrsasign.jar;C:\Program Files\Java\jdk1.6.0_16\jre\lib\jsse.jar;C:\Program Files\Java\jdk1.6.0_16\jre\lib\jce.jar;C:\Program Files\Java\jdk1.6.0_16\jre\lib\charsets.jar;C:\Program Files\Java\jdk1.6.0_16\jre\classes" />
    <property name="sun.desktop" value="windows" />
    <property name="java.vm.specification.vendor" value="Sun Microsystems Inc." />
    <property name="ant.home" value="C:\파티션\eclipse-j2ee\plugins\org.apache.ant_1.7.1.v20100518-1145" />
    <property name="java.runtime.version" value="1.6.0_16-b01" />
    <property name="user.name" value="JUNGS" />
    <property name="build.dir" value="C:\workspace\j2eeWorkspace\LectureService\bin" />
    <property name="user.language" value="ko" />
    <property name="sun.boot.library.path" value="C:\Program Files\Java\jdk1.6.0_16\jre\bin" />
    <property name="doc.dir" value="C:\workspace\j2eeWorkspace\LectureService\doc" />
    <property name="ant.project.name" value="LectureService" />
    <property name="index.dir" value="C:\workspace\j2eeWorkspace\LectureService\index" />
    <property name="java.version" value="1.6.0_16" />
    <property name="user.timezone" value="" />
    <property name="sun.arch.data.model" value="32" />
    <property name="java.endorsed.dirs" value="C:\Program Files\Java\jdk1.6.0_16\jre\lib\endorsed" />
    <property name="sun.cpu.isalist" value="pentium_pro+mmx pentium_pro pentium+mmx pentium i486 i386 i86" />
    <property name="sun.jnu.encoding" value="MS949" />
    <property name="file.encoding.pkg" value="sun.io" />
    <property name="file.separator" value="\" />
    <property name="java.specification.name" value="Java Platform API Specification" />
    <property name="java.class.version" value="50.0" />
    <property name="user.country" value="KR" />
    <property name="java.home" value="C:\Program Files\Java\jdk1.6.0_16\jre" />
    <property name="java.vm.info" value="mixed mode, sharing" />
    <property name="ant.file" value="C:\workspace\j2eeWorkspace\LectureService\build.xml" />
    <property name="os.version" value="6.1" />
    <property name="test.reports" value="C:\workspace\j2eeWorkspace\LectureService\testReports" />
    <property name="path.separator" value=";" />
    <property name="java.vm.version" value="14.2-b01" />
    <property name="user.variant" value="" />
    <property name="ant.library.dir" value="C:\파티션\eclipse-j2ee\plugins\org.apache.ant_1.7.1.v20100518-1145\lib" />
    <property name="java.awt.printerjob" value="sun.awt.windows.WPrinterJob" />
    <property name="sun.io.unicode.encoding" value="UnicodeLittle" />
    <property name="awt.toolkit" value="sun.awt.windows.WToolkit" />
    <property name="eclipse.pdebuild.scripts" value="/C:/파티션/eclipse-j2ee/plugins/org.eclipse.pde.build_3.6.2.R36x_20110203/scripts/" />
    <property name="user.home" value="C:\Users\JUNGS" />
    <property name="java.specification.vendor" value="Sun Microsystems Inc." />
    <property name="test.dir" value="C:\workspace\j2eeWorkspace\LectureService\test" />
    <property name="java.library.path" value="C:\파티션\eclipse-j2ee;.;C:\Windows\Sun\Java\bin;C:\Windows\system32;C:\Windows;C:/Program Files/Java/jdk1.6.0_16/bin/../jre/bin/client;C:/Program Files/Java/jdk1.6.0_16/bin/../jre/bin;C:/Program Files/Java/jdk1.6.0_16/bin/../jre/lib/i386;C:\Program Files\Java\jdk1.6.0_16\bin;C:\Program Files\Common Files\Microsoft Shared\Windows Live;C:\Windows\system32;C:\Windows;C:\Windows\System32\Wbem;C:\Windows\System32\WindowsPowerShell\v1.0;C:\Program Files\Windows Live\Shared;C:\cygwin\bin;C:\php-5.2;C:\Program Files\QuickTime\QTSystem\;C:\Users\JUNGS\AppData\Local\Bandizip\7z;C:\Program Files\ESTsoft\ALSee;C:\파티션\eclipse-j2ee;C:\파티션\eclipse-j2ee\configuration\org.eclipse.osgi\bundles\559\1\.cp" />
    <property name="java.vendor.url" value="http://java.sun.com/" />
    <property name="java.vm.vendor" value="Sun Microsystems Inc." />
    <property name="java.runtime.name" value="Java(TM) SE Runtime Environment" />
    <property name="java.class.path" value="C:\파티션\eclipse-j2ee\plugins\org.apache.ant_1.7.1.v20100518-1145\lib\ant.jar;C:\파티션\eclipse-j2ee\plugins\org.apache.ant_1.7.1.v20100518-1145\lib\ant-antlr.jar;C:\파티션\eclipse-j2ee\plugins\org.apache.ant_1.7.1.v20100518-1145\lib\ant-apache-bcel.jar;C:\파티션\eclipse-j2ee\plugins\org.apache.ant_1.7.1.v20100518-1145\lib\ant-apache-bsf.jar;C:\파티션\eclipse-j2ee\plugins\org.apache.ant_1.7.1.v20100518-1145\lib\ant-apache-log4j.jar;C:\파티션\eclipse-j2ee\plugins\org.apache.ant_1.7.1.v20100518-1145\lib\ant-apache-oro.jar;C:\파티션\eclipse-j2ee\plugins\org.apache.ant_1.7.1.v20100518-1145\lib\ant-apache-regexp.jar;C:\파티션\eclipse-j2ee\plugins\org.apache.ant_1.7.1.v20100518-1145\lib\ant-apache-resolver.jar;C:\파티션\eclipse-j2ee\plugins\org.apache.ant_1.7.1.v20100518-1145\lib\ant-commons-logging.jar;C:\파티션\eclipse-j2ee\plugins\org.apache.ant_1.7.1.v20100518-1145\lib\ant-commons-net.jar;C:\파티션\eclipse-j2ee\plugins\org.apache.ant_1.7.1.v20100518-1145\lib\ant-jai.jar;C:\파티션\eclipse-j2ee\plugins\org.apache.ant_1.7.1.v20100518-1145\lib\ant-javamail.jar;C:\파티션\eclipse-j2ee\plugins\org.apache.ant_1.7.1.v20100518-1145\lib\ant-jdepend.jar;C:\파티션\eclipse-j2ee\plugins\org.apache.ant_1.7.1.v20100518-1145\lib\ant-jmf.jar;C:\파티션\eclipse-j2ee\plugins\org.apache.ant_1.7.1.v20100518-1145\lib\ant-jsch.jar;C:\파티션\eclipse-j2ee\plugins\org.apache.ant_1.7.1.v20100518-1145\lib\ant-junit.jar;C:\파티션\eclipse-j2ee\plugins\org.apache.ant_1.7.1.v20100518-1145\lib\ant-launcher.jar;C:\파티션\eclipse-j2ee\plugins\org.apache.ant_1.7.1.v20100518-1145\lib\ant-netrexx.jar;C:\파티션\eclipse-j2ee\plugins\org.apache.ant_1.7.1.v20100518-1145\lib\ant-nodeps.jar;C:\파티션\eclipse-j2ee\plugins\org.apache.ant_1.7.1.v20100518-1145\lib\ant-starteam.jar;C:\파티션\eclipse-j2ee\plugins\org.apache.ant_1.7.1.v20100518-1145\lib\ant-stylebook.jar;C:\파티션\eclipse-j2ee\plugins\org.apache.ant_1.7.1.v20100518-1145\lib\ant-swing.jar;C:\파티션\eclipse-j2ee\plugins\org.apache.ant_1.7.1.v20100518-1145\lib\ant-trax.jar;C:\파티션\eclipse-j2ee\plugins\org.apache.ant_1.7.1.v20100518-1145\lib\ant-weblogic.jar;C:\파티션\eclipse-j2ee\configuration\org.eclipse.osgi\bundles\46\1\.cp\lib\antdebug.jar;C:\파티션\eclipse-j2ee\configuration\org.eclipse.osgi\bundles\46\1\.cp\lib\remote.jar;C:\파티션\eclipse-j2ee\configuration\org.eclipse.osgi\bundles\47\1\.cp\lib\remoteAnt.jar;C:\Program Files\Java\jdk1.6.0_16\lib\tools.jar;C:\파티션\eclipse-j2ee\plugins\org.eclipse.swt.win32.win32.x86_3.6.2.v3659c.jar" />
    <property name="ant.version" value="Apache Ant version 1.7.1 compiled on June 27 2008" />
    <property name="java.vm.specification.name" value="Java Virtual Machine Specification" />
    <property name="java.vm.specification.version" value="1.0" />
    <property name="sun.cpu.endian" value="little" />
    <property name="sun.os.patch.level" value="Service Pack 1" />
    <property name="eclipse.pdebuild.home" value="/C:/파티션/eclipse-j2ee/plugins/org.eclipse.pde.build_3.6.2.R36x_20110203/./" />
    <property name="java.io.tmpdir" value="C:\Users\JUNGS\AppData\Local\Temp\" />
    <property name="java.vendor.url.bug" value="http://java.sun.com/cgi-bin/bugreport.cgi" />
    <property name="os.arch" value="x86" />
    <property name="java.awt.graphicsenv" value="sun.awt.Win32GraphicsEnvironment" />
    <property name="java.ext.dirs" value="C:\Program Files\Java\jdk1.6.0_16\jre\lib\ext;C:\Windows\Sun\Java\lib\ext" />
    <property name="ant.file.LectureService" value="C:\workspace\j2eeWorkspace\LectureService\build.xml" />
    <property name="user.dir" value="C:\workspace\j2eeWorkspace\LectureService" />
    <property name="build.test.dir" value="C:\workspace\j2eeWorkspace\LectureService\bin\test" />
    <property name="line.separator" value="
" />
    <property name="java.vm.name" value="Java HotSpot(TM) Client VM" />
    <property name="basedir" value="C:\workspace\j2eeWorkspace\LectureService" />
    <property name="ant.java.version" value="1.6" />
    <property name="ant.core.lib" value="C:\파티션\eclipse-j2ee\plugins\org.apache.ant_1.7.1.v20100518-1145\lib\ant.jar" />
    <property name="file.encoding" value="MS949" />
    <property name="java.specification.version" value="1.6" />
    <property name="src.dir" value="C:\workspace\j2eeWorkspace\LectureService\src" />
  </properties>
  <testcase classname="com.work.RDBLectureServiceTest" name="testInsertLecture" time="0.0040" />
  <testcase classname="com.work.RDBLectureServiceTest" name="testSelectLecture" time="0.0" />
  <system-out><![CDATA[insert success
]]></system-out>
  <system-err><![CDATA[]]></system-err>
</testsuite>
